# JRE version: Java(TM) SE Runtime Environment (8.0_301-b09) (build 1.8.0_301-b09)
# Java VM: Java HotSpot(TM) 64-Bit Server VM (25.301-b09 mixed mode linux-amd64 compressed oops)
Heap:
 PSYoungGen      total 271360K, used 63011K [0x000000076ab00000, 0x0000000781400000, 0x00000007c0000000)
  eden space 239616K, 23% used [0x000000076ab00000,0x000000076e2e2eb0,0x0000000779500000)
  from space 31744K, 18% used [0x0000000779500000,0x0000000779aa6048,0x000000077b400000)
  to   space 48640K, 0% used [0x000000077e480000,0x000000077e480000,0x0000000781400000)
 ParOldGen       total 186368K, used 88919K [0x00000006c0000000, 0x00000006cb600000, 0x000000076ab00000)
  object space 186368K, 47% used [0x00000006c0000000,0x00000006c56d5cc0,0x00000006cb600000)
 Metaspace       used 40777K, capacity 41515K, committed 41816K, reserved 1085440K
  class space    used 5010K, capacity 5217K, committed 5248K, reserved 1048576K
GC Heap History (10 events):
Event: 3.356 GC heap before
{Heap before GC invocations=7 (full 0):
 PSYoungGen      total 141824K, used 81396K [0x000000076ab00000, 0x0000000774a00000, 0x00000007c0000000)
  eden space 130048K, 53% used [0x000000076ab00000,0x000000076eefd3d8,0x0000000772a00000)
  from space 11776K, 100% used [0x0000000773880000,0x0000000774400000,0x0000000774400000)
  to   space 14848K, 0% used [0x0000000772a00000,0x0000000772a00000,0x0000000773880000)
 ParOldGen       total 87552K, used 15703K [0x00000006c0000000, 0x00000006c5580000, 0x000000076ab00000)
  object space 87552K, 17% used [0x00000006c0000000,0x00000006c0f55e60,0x00000006c5580000)
 Metaspace       used 20906K, capacity 21120K, committed 21248K, reserved 1067008K
  class space    used 2713K, capacity 2806K, committed 2816K, reserved 1048576K
Event: 3.369 GC heap after
Heap after GC invocations=7 (full 0):
 PSYoungGen      total 144896K, used 14832K [0x000000076ab00000, 0x000000077d300000, 0x00000007c0000000)
  eden space 130048K, 0% used [0x000000076ab00000,0x000000076ab00000,0x0000000772a00000)
  from space 14848K, 99% used [0x0000000772a00000,0x000000077387c060,0x0000000773880000)
  to   space 21504K, 0% used [0x000000077be00000,0x000000077be00000,0x000000077d300000)
 ParOldGen       total 87552K, used 24610K [0x00000006c0000000, 0x00000006c5580000, 0x000000076ab00000)
  object space 87552K, 28% used [0x00000006c0000000,0x00000006c1808b08,0x00000006c5580000)
 Metaspace       used 20906K, capacity 21120K, committed 21248K, reserved 1067008K
  class space    used 2713K, capacity 2806K, committed 2816K, reserved 1048576K
}
Event: 3.369 GC heap before
{Heap before GC invocations=8 (full 1):
 PSYoungGen      total 144896K, used 14832K [0x000000076ab00000, 0x000000077d300000, 0x00000007c0000000)
  eden space 130048K, 0% used [0x000000076ab00000,0x000000076ab00000,0x0000000772a00000)
  from space 14848K, 99% used [0x0000000772a00000,0x000000077387c060,0x0000000773880000)
  to   space 21504K, 0% used [0x000000077be00000,0x000000077be00000,0x000000077d300000)
 ParOldGen       total 87552K, used 24610K [0x00000006c0000000, 0x00000006c5580000, 0x000000076ab00000)
  object space 87552K, 28% used [0x00000006c0000000,0x00000006c1808b08,0x00000006c5580000)
 Metaspace       used 20906K, capacity 21120K, committed 21248K, reserved 1067008K
  class space    used 2713K, capacity 2806K, committed 2816K, reserved 1048576K
Event: 3.457 GC heap after
Heap after GC invocations=8 (full 1):
 PSYoungGen      total 144896K, used 0K [0x000000076ab00000, 0x000000077d300000, 0x00000007c0000000)
  eden space 130048K, 0% used [0x000000076ab00000,0x000000076ab00000,0x0000000772a00000)
  from space 14848K, 0% used [0x0000000772a00000,0x0000000772a00000,0x0000000773880000)
  to   space 21504K, 0% used [0x000000077be00000,0x000000077be00000,0x000000077d300000)
 ParOldGen       total 89088K, used 34256K [0x00000006c0000000, 0x00000006c5700000, 0x000000076ab00000)
  object space 89088K, 38% used [0x00000006c0000000,0x00000006c21740c0,0x00000006c5700000)
 Metaspace       used 20906K, capacity 21120K, committed 21248K, reserved 1067008K
  class space    used 2713K, capacity 2806K, committed 2816K, reserved 1048576K
}
Event: 4.474 GC heap before
{Heap before GC invocations=9 (full 1):
 PSYoungGen      total 144896K, used 130048K [0x000000076ab00000, 0x000000077d300000, 0x00000007c0000000)
  eden space 130048K, 100% used [0x000000076ab00000,0x0000000772a00000,0x0000000772a00000)
  from space 14848K, 0% used [0x0000000772a00000,0x0000000772a00000,0x0000000773880000)
  to   space 21504K, 0% used [0x000000077be00000,0x000000077be00000,0x000000077d300000)
 ParOldGen       total 89088K, used 34256K [0x00000006c0000000, 0x00000006c5700000, 0x000000076ab00000)
  object space 89088K, 38% used [0x00000006c0000000,0x00000006c21740c0,0x00000006c5700000)
 Metaspace       used 27172K, capacity 27480K, committed 27904K, reserved 1073152K
  class space    used 3649K, capacity 3750K, committed 3840K, reserved 1048576K
Event: 4.483 GC heap after
Heap after GC invocations=9 (full 1):
 PSYoungGen      total 226816K, used 21503K [0x000000076ab00000, 0x000000077d300000, 0x00000007c0000000)
  eden space 205312K, 0% used [0x000000076ab00000,0x000000076ab00000,0x0000000777380000)
  from space 21504K, 99% used [0x000000077be00000,0x000000077d2fff10,0x000000077d300000)
  to   space 31744K, 0% used [0x0000000779500000,0x0000000779500000,0x000000077b400000)
 ParOldGen       total 89088K, used 49653K [0x00000006c0000000, 0x00000006c5700000, 0x000000076ab00000)
  object space 89088K, 55% used [0x00000006c0000000,0x00000006c307d738,0x00000006c5700000)
 Metaspace       used 27172K, capacity 27480K, committed 27904K, reserved 1073152K
  class space    used 3649K, capacity 3750K, committed 3840K, reserved 1048576K
}
Event: 5.373 GC heap before
{Heap before GC invocations=10 (full 1):
 PSYoungGen      total 226816K, used 165645K [0x000000076ab00000, 0x000000077d300000, 0x00000007c0000000)
  eden space 205312K, 70% used [0x000000076ab00000,0x00000007737c3738,0x0000000777380000)
  from space 21504K, 99% used [0x000000077be00000,0x000000077d2fff10,0x000000077d300000)
  to   space 31744K, 0% used [0x0000000779500000,0x0000000779500000,0x000000077b400000)
 ParOldGen       total 89088K, used 49653K [0x00000006c0000000, 0x00000006c5700000, 0x000000076ab00000)
  object space 89088K, 55% used [0x00000006c0000000,0x00000006c307d738,0x00000006c5700000)
 Metaspace       used 34786K, capacity 35301K, committed 35416K, reserved 1079296K
  class space    used 4530K, capacity 4659K, committed 4736K, reserved 1048576K
Event: 5.389 GC heap after
Heap after GC invocations=10 (full 1):
 PSYoungGen      total 271360K, used 31713K [0x000000076ab00000, 0x0000000781400000, 0x00000007c0000000)
  eden space 239616K, 0% used [0x000000076ab00000,0x000000076ab00000,0x0000000779500000)
  from space 31744K, 99% used [0x0000000779500000,0x000000077b3f85d0,0x000000077b400000)
  to   space 48640K, 0% used [0x000000077e480000,0x000000077e480000,0x0000000781400000)
 ParOldGen       total 89088K, used 78059K [0x00000006c0000000, 0x00000006c5700000, 0x000000076ab00000)
  object space 89088K, 87% used [0x00000006c0000000,0x00000006c4c3ac28,0x00000006c5700000)
 Metaspace       used 34786K, capacity 35301K, committed 35416K, reserved 1079296K
  class space    used 4530K, capacity 4659K, committed 4736K, reserved 1048576K
}
Event: 5.389 GC heap before
{Heap before GC invocations=11 (full 2):
 PSYoungGen      total 271360K, used 31713K [0x000000076ab00000, 0x0000000781400000, 0x00000007c0000000)
  eden space 239616K, 0% used [0x000000076ab00000,0x000000076ab00000,0x0000000779500000)
  from space 31744K, 99% used [0x0000000779500000,0x000000077b3f85d0,0x000000077b400000)
  to   space 48640K, 0% used [0x000000077e480000,0x000000077e480000,0x0000000781400000)
 ParOldGen       total 89088K, used 78059K [0x00000006c0000000, 0x00000006c5700000, 0x000000076ab00000)
  object space 89088K, 87% used [0x00000006c0000000,0x00000006c4c3ac28,0x00000006c5700000)
 Metaspace       used 34786K, capacity 35301K, committed 35416K, reserved 1079296K
  class space    used 4530K, capacity 4659K, committed 4736K, reserved 1048576K
Event: 5.567 GC heap after
Heap after GC invocations=11 (full 2):
 PSYoungGen      total 271360K, used 5784K [0x000000076ab00000, 0x0000000781400000, 0x00000007c0000000)
  eden space 239616K, 0% used [0x000000076ab00000,0x000000076ab00000,0x0000000779500000)
  from space 31744K, 18% used [0x0000000779500000,0x0000000779aa6048,0x000000077b400000)
  to   space 48640K, 0% used [0x000000077e480000,0x000000077e480000,0x0000000781400000)
 ParOldGen       total 186368K, used 88919K [0x00000006c0000000, 0x00000006cb600000, 0x000000076ab00000)
  object space 186368K, 47% used [0x00000006c0000000,0x00000006c56d5cc0,0x00000006cb600000)
 Metaspace       used 34786K, capacity 35301K, committed 35416K, reserved 1079296K
  class space    used 4530K, capacity 4659K, committed 4736K, reserved 1048576K
}

