# JRE version: Java(TM) SE Runtime Environment (8.0_301-b09) (build 1.8.0_301-b09)
# Java VM: Java HotSpot(TM) 64-Bit Server VM (25.301-b09 mixed mode linux-amd64 compressed oops)
Heap:
 PSYoungGen      total 294912K, used 292042K [0x000000076ab00000, 0x000000077ff80000, 0x00000007c0000000)
  eden space 270848K, 99% used [0x000000076ab00000,0x000000077b0fee70,0x000000077b380000)
  from space 24064K, 98% used [0x000000077ce80000,0x000000077e5b3bd8,0x000000077e600000)
  to   space 26112K, 0% used [0x000000077e600000,0x000000077e600000,0x000000077ff80000)
 ParOldGen       total 182272K, used 91419K [0x00000006c0000000, 0x00000006cb200000, 0x000000076ab00000)
  object space 182272K, 50% used [0x00000006c0000000,0x00000006c5946e50,0x00000006cb200000)
 Metaspace       used 46666K, capacity 47493K, committed 47832K, reserved 1091584K
  class space    used 5567K, capacity 5772K, committed 5888K, reserved 1048576K
GC Heap History (10 events):
Event: 601.652 GC heap before
{Heap before GC invocations=19 (full 2):
 PSYoungGen      total 355328K, used 355038K [0x000000076ab00000, 0x0000000785280000, 0x00000007c0000000)
  eden space 331264K, 100% used [0x000000076ab00000,0x000000077ee80000,0x000000077ee80000)
  from space 24064K, 98% used [0x0000000783b00000,0x0000000785237bc8,0x0000000785280000)
  to   space 40448K, 0% used [0x0000000780380000,0x0000000780380000,0x0000000782b00000)
 ParOldGen       total 182272K, used 91379K [0x00000006c0000000, 0x00000006cb200000, 0x000000076ab00000)
  object space 182272K, 50% used [0x00000006c0000000,0x00000006c593ce50,0x00000006cb200000)
 Metaspace       used 46578K, capacity 47417K, committed 47832K, reserved 1091584K
  class space    used 5560K, capacity 5770K, committed 5888K, reserved 1048576K
Event: 601.663 GC heap after
Heap after GC invocations=19 (full 2):
 PSYoungGen      total 342016K, used 23694K [0x000000076ab00000, 0x0000000783b80000, 0x00000007c0000000)
  eden space 317952K, 0% used [0x000000076ab00000,0x000000076ab00000,0x000000077e180000)
  from space 24064K, 98% used [0x0000000780380000,0x0000000781aa3bd8,0x0000000781b00000)
  to   space 33280K, 0% used [0x0000000781b00000,0x0000000781b00000,0x0000000783b80000)
 ParOldGen       total 182272K, used 91387K [0x00000006c0000000, 0x00000006cb200000, 0x000000076ab00000)
  object space 182272K, 50% used [0x00000006c0000000,0x00000006c593ee50,0x00000006cb200000)
 Metaspace       used 46578K, capacity 47417K, committed 47832K, reserved 1091584K
  class space    used 5560K, capacity 5770K, committed 5888K, reserved 1048576K
}
Event: 694.838 GC heap before
{Heap before GC invocations=20 (full 2):
 PSYoungGen      total 342016K, used 341646K [0x000000076ab00000, 0x0000000783b80000, 0x00000007c0000000)
  eden space 317952K, 100% used [0x000000076ab00000,0x000000077e180000,0x000000077e180000)
  from space 24064K, 98% used [0x0000000780380000,0x0000000781aa3bd8,0x0000000781b00000)
  to   space 33280K, 0% used [0x0000000781b00000,0x0000000781b00000,0x0000000783b80000)
 ParOldGen       total 182272K, used 91387K [0x00000006c0000000, 0x00000006cb200000, 0x000000076ab00000)
  object space 182272K, 50% used [0x00000006c0000000,0x00000006c593ee50,0x00000006cb200000)
 Metaspace       used 46588K, capacity 47429K, committed 47832K, reserved 1091584K
  class space    used 5561K, capacity 5772K, committed 5888K, reserved 1048576K
Event: 694.847 GC heap after
Heap after GC invocations=20 (full 2):
 PSYoungGen      total 329216K, used 23806K [0x000000076ab00000, 0x0000000783280000, 0x00000007c0000000)
  eden space 305152K, 0% used [0x000000076ab00000,0x000000076ab00000,0x000000077d500000)
  from space 24064K, 98% used [0x0000000781b00000,0x000000078323fbe8,0x0000000783280000)
  to   space 38400K, 0% used [0x000000077e780000,0x000000077e780000,0x0000000780d00000)
 ParOldGen       total 182272K, used 91395K [0x00000006c0000000, 0x00000006cb200000, 0x000000076ab00000)
  object space 182272K, 50% used [0x00000006c0000000,0x00000006c5940e50,0x00000006cb200000)
 Metaspace       used 46588K, capacity 47429K, committed 47832K, reserved 1091584K
  class space    used 5561K, capacity 5772K, committed 5888K, reserved 1048576K
}
Event: 782.508 GC heap before
{Heap before GC invocations=21 (full 2):
 PSYoungGen      total 329216K, used 328958K [0x000000076ab00000, 0x0000000783280000, 0x00000007c0000000)
  eden space 305152K, 100% used [0x000000076ab00000,0x000000077d500000,0x000000077d500000)
  from space 24064K, 98% used [0x0000000781b00000,0x000000078323fbe8,0x0000000783280000)
  to   space 38400K, 0% used [0x000000077e780000,0x000000077e780000,0x0000000780d00000)
 ParOldGen       total 182272K, used 91395K [0x00000006c0000000, 0x00000006cb200000, 0x000000076ab00000)
  object space 182272K, 50% used [0x00000006c0000000,0x00000006c5940e50,0x00000006cb200000)
 Metaspace       used 46588K, capacity 47429K, committed 47832K, reserved 1091584K
  class space    used 5561K, capacity 5772K, committed 5888K, reserved 1048576K
Event: 782.518 GC heap after
Heap after GC invocations=21 (full 2):
 PSYoungGen      total 316928K, used 23790K [0x000000076ab00000, 0x0000000781b80000, 0x00000007c0000000)
  eden space 292864K, 0% used [0x000000076ab00000,0x000000076ab00000,0x000000077c900000)
  from space 24064K, 98% used [0x000000077e780000,0x000000077febbbd8,0x000000077ff00000)
  to   space 29184K, 0% used [0x000000077ff00000,0x000000077ff00000,0x0000000781b80000)
 ParOldGen       total 182272K, used 91403K [0x00000006c0000000, 0x00000006cb200000, 0x000000076ab00000)
  object space 182272K, 50% used [0x00000006c0000000,0x00000006c5942e50,0x00000006cb200000)
 Metaspace       used 46588K, capacity 47429K, committed 47832K, reserved 1091584K
  class space    used 5561K, capacity 5772K, committed 5888K, reserved 1048576K
}
Event: 870.539 GC heap before
{Heap before GC invocations=22 (full 2):
 PSYoungGen      total 316928K, used 316654K [0x000000076ab00000, 0x0000000781b80000, 0x00000007c0000000)
  eden space 292864K, 100% used [0x000000076ab00000,0x000000077c900000,0x000000077c900000)
  from space 24064K, 98% used [0x000000077e780000,0x000000077febbbd8,0x000000077ff00000)
  to   space 29184K, 0% used [0x000000077ff00000,0x000000077ff00000,0x0000000781b80000)
 ParOldGen       total 182272K, used 91403K [0x00000006c0000000, 0x00000006cb200000, 0x000000076ab00000)
  object space 182272K, 50% used [0x00000006c0000000,0x00000006c5942e50,0x00000006cb200000)
 Metaspace       used 46651K, capacity 47493K, committed 47832K, reserved 1091584K
  class space    used 5567K, capacity 5772K, committed 5888K, reserved 1048576K
Event: 870.550 GC heap after
Heap after GC invocations=22 (full 2):
 PSYoungGen      total 305664K, used 23677K [0x000000076ab00000, 0x0000000781680000, 0x00000007c0000000)
  eden space 281600K, 0% used [0x000000076ab00000,0x000000076ab00000,0x000000077be00000)
  from space 24064K, 98% used [0x000000077ff00000,0x000000078161f500,0x0000000781680000)
  to   space 36864K, 0% used [0x000000077ce80000,0x000000077ce80000,0x000000077f280000)
 ParOldGen       total 182272K, used 91411K [0x00000006c0000000, 0x00000006cb200000, 0x000000076ab00000)
  object space 182272K, 50% used [0x00000006c0000000,0x00000006c5944e50,0x00000006cb200000)
 Metaspace       used 46651K, capacity 47493K, committed 47832K, reserved 1091584K
  class space    used 5567K, capacity 5772K, committed 5888K, reserved 1048576K
}
Event: 952.841 GC heap before
{Heap before GC invocations=23 (full 2):
 PSYoungGen      total 305664K, used 305277K [0x000000076ab00000, 0x0000000781680000, 0x00000007c0000000)
  eden space 281600K, 100% used [0x000000076ab00000,0x000000077be00000,0x000000077be00000)
  from space 24064K, 98% used [0x000000077ff00000,0x000000078161f500,0x0000000781680000)
  to   space 36864K, 0% used [0x000000077ce80000,0x000000077ce80000,0x000000077f280000)
 ParOldGen       total 182272K, used 91411K [0x00000006c0000000, 0x00000006cb200000, 0x000000076ab00000)
  object space 182272K, 50% used [0x00000006c0000000,0x00000006c5944e50,0x00000006cb200000)
 Metaspace       used 46656K, capacity 47493K, committed 47832K, reserved 1091584K
  class space    used 5567K, capacity 5772K, committed 5888K, reserved 1048576K
Event: 952.855 GC heap after
Heap after GC invocations=23 (full 2):
 PSYoungGen      total 294912K, used 23758K [0x000000076ab00000, 0x000000077ff80000, 0x00000007c0000000)
  eden space 270848K, 0% used [0x000000076ab00000,0x000000076ab00000,0x000000077b380000)
  from space 24064K, 98% used [0x000000077ce80000,0x000000077e5b3bd8,0x000000077e600000)
  to   space 26112K, 0% used [0x000000077e600000,0x000000077e600000,0x000000077ff80000)
 ParOldGen       total 182272K, used 91419K [0x00000006c0000000, 0x00000006cb200000, 0x000000076ab00000)
  object space 182272K, 50% used [0x00000006c0000000,0x00000006c5946e50,0x00000006cb200000)
 Metaspace       used 46656K, capacity 47493K, committed 47832K, reserved 1091584K
  class space    used 5567K, capacity 5772K, committed 5888K, reserved 1048576K
}

