# JRE version: Java(TM) SE Runtime Environment (8.0_301-b09) (build 1.8.0_301-b09)
# Java VM: Java HotSpot(TM) 64-Bit Server VM (25.301-b09 mixed mode linux-amd64 compressed oops)
Heap:
 PSYoungGen      total 270848K, used 64526K [0x000000076ab00000, 0x0000000780c80000, 0x00000007c0000000)
  eden space 238592K, 24% used [0x000000076ab00000,0x000000076e4aca60,0x0000000779400000)
  from space 32256K, 16% used [0x0000000779400000,0x0000000779957008,0x000000077b380000)
  to   space 48640K, 0% used [0x000000077dd00000,0x000000077dd00000,0x0000000780c80000)
 ParOldGen       total 188928K, used 89544K [0x00000006c0000000, 0x00000006cb880000, 0x000000076ab00000)
  object space 188928K, 47% used [0x00000006c0000000,0x00000006c5772168,0x00000006cb880000)
 Metaspace       used 41498K, capacity 42257K, committed 42456K, reserved 1087488K
  class space    used 5117K, capacity 5314K, committed 5376K, reserved 1048576K
GC Heap History (10 events):
Event: 3.500 GC heap before
{Heap before GC invocations=7 (full 0):
 PSYoungGen      total 141824K, used 82656K [0x000000076ab00000, 0x0000000774a00000, 0x00000007c0000000)
  eden space 130048K, 54% used [0x000000076ab00000,0x000000076f0383a8,0x0000000772a00000)
  from space 11776K, 100% used [0x0000000773880000,0x0000000774400000,0x0000000774400000)
  to   space 14848K, 0% used [0x0000000772a00000,0x0000000772a00000,0x0000000773880000)
 ParOldGen       total 87552K, used 15670K [0x00000006c0000000, 0x00000006c5580000, 0x000000076ab00000)
  object space 87552K, 17% used [0x00000006c0000000,0x00000006c0f4d8b0,0x00000006c5580000)
 Metaspace       used 20893K, capacity 21120K, committed 21248K, reserved 1067008K
  class space    used 2713K, capacity 2806K, committed 2816K, reserved 1048576K
Event: 3.525 GC heap after
Heap after GC invocations=7 (full 0):
 PSYoungGen      total 144896K, used 14816K [0x000000076ab00000, 0x000000077d300000, 0x00000007c0000000)
  eden space 130048K, 0% used [0x000000076ab00000,0x000000076ab00000,0x0000000772a00000)
  from space 14848K, 99% used [0x0000000772a00000,0x0000000773878160,0x0000000773880000)
  to   space 21504K, 0% used [0x000000077be00000,0x000000077be00000,0x000000077d300000)
 ParOldGen       total 87552K, used 24590K [0x00000006c0000000, 0x00000006c5580000, 0x000000076ab00000)
  object space 87552K, 28% used [0x00000006c0000000,0x00000006c1803a08,0x00000006c5580000)
 Metaspace       used 20893K, capacity 21120K, committed 21248K, reserved 1067008K
  class space    used 2713K, capacity 2806K, committed 2816K, reserved 1048576K
}
Event: 3.525 GC heap before
{Heap before GC invocations=8 (full 1):
 PSYoungGen      total 144896K, used 14816K [0x000000076ab00000, 0x000000077d300000, 0x00000007c0000000)
  eden space 130048K, 0% used [0x000000076ab00000,0x000000076ab00000,0x0000000772a00000)
  from space 14848K, 99% used [0x0000000772a00000,0x0000000773878160,0x0000000773880000)
  to   space 21504K, 0% used [0x000000077be00000,0x000000077be00000,0x000000077d300000)
 ParOldGen       total 87552K, used 24590K [0x00000006c0000000, 0x00000006c5580000, 0x000000076ab00000)
  object space 87552K, 28% used [0x00000006c0000000,0x00000006c1803a08,0x00000006c5580000)
 Metaspace       used 20893K, capacity 21120K, committed 21248K, reserved 1067008K
  class space    used 2713K, capacity 2806K, committed 2816K, reserved 1048576K
Event: 3.646 GC heap after
Heap after GC invocations=8 (full 1):
 PSYoungGen      total 144896K, used 0K [0x000000076ab00000, 0x000000077d300000, 0x00000007c0000000)
  eden space 130048K, 0% used [0x000000076ab00000,0x000000076ab00000,0x0000000772a00000)
  from space 14848K, 0% used [0x0000000772a00000,0x0000000772a00000,0x0000000773880000)
  to   space 21504K, 0% used [0x000000077be00000,0x000000077be00000,0x000000077d300000)
 ParOldGen       total 89600K, used 34185K [0x00000006c0000000, 0x00000006c5780000, 0x000000076ab00000)
  object space 89600K, 38% used [0x00000006c0000000,0x00000006c2162538,0x00000006c5780000)
 Metaspace       used 20893K, capacity 21120K, committed 21248K, reserved 1067008K
  class space    used 2713K, capacity 2806K, committed 2816K, reserved 1048576K
}
Event: 4.642 GC heap before
{Heap before GC invocations=9 (full 1):
 PSYoungGen      total 144896K, used 130048K [0x000000076ab00000, 0x000000077d300000, 0x00000007c0000000)
  eden space 130048K, 100% used [0x000000076ab00000,0x0000000772a00000,0x0000000772a00000)
  from space 14848K, 0% used [0x0000000772a00000,0x0000000772a00000,0x0000000773880000)
  to   space 21504K, 0% used [0x000000077be00000,0x000000077be00000,0x000000077d300000)
 ParOldGen       total 89600K, used 34185K [0x00000006c0000000, 0x00000006c5780000, 0x000000076ab00000)
  object space 89600K, 38% used [0x00000006c0000000,0x00000006c2162538,0x00000006c5780000)
 Metaspace       used 27138K, capacity 27416K, committed 27648K, reserved 1073152K
  class space    used 3647K, capacity 3750K, committed 3840K, reserved 1048576K
Event: 4.651 GC heap after
Heap after GC invocations=9 (full 1):
 PSYoungGen      total 222208K, used 21499K [0x000000076ab00000, 0x000000077d300000, 0x00000007c0000000)
  eden space 200704K, 0% used [0x000000076ab00000,0x000000076ab00000,0x0000000776f00000)
  from space 21504K, 99% used [0x000000077be00000,0x000000077d2feef0,0x000000077d300000)
  to   space 32256K, 0% used [0x0000000779400000,0x0000000779400000,0x000000077b380000)
 ParOldGen       total 89600K, used 50098K [0x00000006c0000000, 0x00000006c5780000, 0x000000076ab00000)
  object space 89600K, 55% used [0x00000006c0000000,0x00000006c30ec8f8,0x00000006c5780000)
 Metaspace       used 27138K, capacity 27416K, committed 27648K, reserved 1073152K
  class space    used 3647K, capacity 3750K, committed 3840K, reserved 1048576K
}
Event: 5.509 GC heap before
{Heap before GC invocations=10 (full 1):
 PSYoungGen      total 222208K, used 164052K [0x000000076ab00000, 0x000000077d300000, 0x00000007c0000000)
  eden space 200704K, 71% used [0x000000076ab00000,0x00000007736361b0,0x0000000776f00000)
  from space 21504K, 99% used [0x000000077be00000,0x000000077d2feef0,0x000000077d300000)
  to   space 32256K, 0% used [0x0000000779400000,0x0000000779400000,0x000000077b380000)
 ParOldGen       total 89600K, used 50098K [0x00000006c0000000, 0x00000006c5780000, 0x000000076ab00000)
  object space 89600K, 55% used [0x00000006c0000000,0x00000006c30ec8f8,0x00000006c5780000)
 Metaspace       used 34826K, capacity 35333K, committed 35416K, reserved 1079296K
  class space    used 4538K, capacity 4691K, committed 4736K, reserved 1048576K
Event: 5.537 GC heap after
Heap after GC invocations=10 (full 1):
 PSYoungGen      total 270848K, used 32247K [0x000000076ab00000, 0x0000000780c80000, 0x00000007c0000000)
  eden space 238592K, 0% used [0x000000076ab00000,0x000000076ab00000,0x0000000779400000)
  from space 32256K, 99% used [0x0000000779400000,0x000000077b37de78,0x000000077b380000)
  to   space 48640K, 0% used [0x000000077dd00000,0x000000077dd00000,0x0000000780c80000)
 ParOldGen       total 89600K, used 77692K [0x00000006c0000000, 0x00000006c5780000, 0x000000076ab00000)
  object space 89600K, 86% used [0x00000006c0000000,0x00000006c4bdf010,0x00000006c5780000)
 Metaspace       used 34826K, capacity 35333K, committed 35416K, reserved 1079296K
  class space    used 4538K, capacity 4691K, committed 4736K, reserved 1048576K
}
Event: 5.537 GC heap before
{Heap before GC invocations=11 (full 2):
 PSYoungGen      total 270848K, used 32247K [0x000000076ab00000, 0x0000000780c80000, 0x00000007c0000000)
  eden space 238592K, 0% used [0x000000076ab00000,0x000000076ab00000,0x0000000779400000)
  from space 32256K, 99% used [0x0000000779400000,0x000000077b37de78,0x000000077b380000)
  to   space 48640K, 0% used [0x000000077dd00000,0x000000077dd00000,0x0000000780c80000)
 ParOldGen       total 89600K, used 77692K [0x00000006c0000000, 0x00000006c5780000, 0x000000076ab00000)
  object space 89600K, 86% used [0x00000006c0000000,0x00000006c4bdf010,0x00000006c5780000)
 Metaspace       used 34826K, capacity 35333K, committed 35416K, reserved 1079296K
  class space    used 4538K, capacity 4691K, committed 4736K, reserved 1048576K
Event: 5.752 GC heap after
Heap after GC invocations=11 (full 2):
 PSYoungGen      total 270848K, used 5468K [0x000000076ab00000, 0x0000000780c80000, 0x00000007c0000000)
  eden space 238592K, 0% used [0x000000076ab00000,0x000000076ab00000,0x0000000779400000)
  from space 32256K, 16% used [0x0000000779400000,0x0000000779957008,0x000000077b380000)
  to   space 48640K, 0% used [0x000000077dd00000,0x000000077dd00000,0x0000000780c80000)
 ParOldGen       total 188928K, used 89544K [0x00000006c0000000, 0x00000006cb880000, 0x000000076ab00000)
  object space 188928K, 47% used [0x00000006c0000000,0x00000006c5772168,0x00000006cb880000)
 Metaspace       used 34826K, capacity 35333K, committed 35416K, reserved 1079296K
  class space    used 4538K, capacity 4691K, committed 4736K, reserved 1048576K
}

