# JRE version: Java(TM) SE Runtime Environment (8.0_301-b09) (build 1.8.0_301-b09)
# Java VM: Java HotSpot(TM) 64-Bit Server VM (25.301-b09 mixed mode linux-amd64 compressed oops)
Heap:
 PSYoungGen      total 355840K, used 259379K [0x000000076ab00000, 0x0000000784a00000, 0x00000007c0000000)
  eden space 312320K, 78% used [0x000000076ab00000,0x0000000779b55310,0x000000077dc00000)
  from space 43520K, 30% used [0x000000077dc00000,0x000000077e8f7ba8,0x0000000780680000)
  to   space 41472K, 0% used [0x0000000782180000,0x0000000782180000,0x0000000784a00000)
 ParOldGen       total 184832K, used 91637K [0x00000006c0000000, 0x00000006cb480000, 0x000000076ab00000)
  object space 184832K, 49% used [0x00000006c0000000,0x00000006c597d4c8,0x00000006cb480000)
 Metaspace       used 46467K, capacity 47279K, committed 47576K, reserved 1091584K
  class space    used 5561K, capacity 5769K, committed 5888K, reserved 1048576K
GC Heap History (10 events):
Event: 5.280 GC heap before
{Heap before GC invocations=11 (full 2):
 PSYoungGen      total 270848K, used 32251K [0x000000076ab00000, 0x0000000781780000, 0x00000007c0000000)
  eden space 238592K, 0% used [0x000000076ab00000,0x000000076ab00000,0x0000000779400000)
  from space 32256K, 99% used [0x0000000779400000,0x000000077b37eef0,0x000000077b380000)
  to   space 48128K, 0% used [0x000000077e880000,0x000000077e880000,0x0000000781780000)
 ParOldGen       total 88576K, used 77368K [0x00000006c0000000, 0x00000006c5680000, 0x000000076ab00000)
  object space 88576K, 87% used [0x00000006c0000000,0x00000006c4b8e208,0x00000006c5680000)
 Metaspace       used 34817K, capacity 35333K, committed 35416K, reserved 1079296K
  class space    used 4540K, capacity 4691K, committed 4736K, reserved 1048576K
Event: 5.448 GC heap after
Heap after GC invocations=11 (full 2):
 PSYoungGen      total 270848K, used 6282K [0x000000076ab00000, 0x0000000781780000, 0x00000007c0000000)
  eden space 238592K, 0% used [0x000000076ab00000,0x000000076ab00000,0x0000000779400000)
  from space 32256K, 19% used [0x0000000779400000,0x0000000779a22868,0x000000077b380000)
  to   space 48128K, 0% used [0x000000077e880000,0x000000077e880000,0x0000000781780000)
 ParOldGen       total 184832K, used 88449K [0x00000006c0000000, 0x00000006cb480000, 0x000000076ab00000)
  object space 184832K, 47% used [0x00000006c0000000,0x00000006c5660748,0x00000006cb480000)
 Metaspace       used 34817K, capacity 35333K, committed 35416K, reserved 1079296K
  class space    used 4540K, capacity 4691K, committed 4736K, reserved 1048576K
}
Event: 18.163 GC heap before
{Heap before GC invocations=12 (full 2):
 PSYoungGen      total 270848K, used 244874K [0x000000076ab00000, 0x0000000781780000, 0x00000007c0000000)
  eden space 238592K, 100% used [0x000000076ab00000,0x0000000779400000,0x0000000779400000)
  from space 32256K, 19% used [0x0000000779400000,0x0000000779a22868,0x000000077b380000)
  to   space 48128K, 0% used [0x000000077e880000,0x000000077e880000,0x0000000781780000)
 ParOldGen       total 184832K, used 88449K [0x00000006c0000000, 0x00000006cb480000, 0x000000076ab00000)
  object space 184832K, 47% used [0x00000006c0000000,0x00000006c5660748,0x00000006cb480000)
 Metaspace       used 45540K, capacity 46331K, committed 46680K, reserved 1089536K
  class space    used 5527K, capacity 5719K, committed 5760K, reserved 1048576K
Event: 18.201 GC heap after
Heap after GC invocations=12 (full 2):
 PSYoungGen      total 326656K, used 21432K [0x000000076ab00000, 0x0000000781a00000, 0x00000007c0000000)
  eden space 278528K, 0% used [0x000000076ab00000,0x000000076ab00000,0x000000077bb00000)
  from space 48128K, 44% used [0x000000077e880000,0x000000077fd6e158,0x0000000781780000)
  to   space 46592K, 0% used [0x000000077bb00000,0x000000077bb00000,0x000000077e880000)
 ParOldGen       total 184832K, used 91613K [0x00000006c0000000, 0x00000006cb480000, 0x000000076ab00000)
  object space 184832K, 49% used [0x00000006c0000000,0x00000006c59774c8,0x00000006cb480000)
 Metaspace       used 45540K, capacity 46331K, committed 46680K, reserved 1089536K
  class space    used 5527K, capacity 5719K, committed 5760K, reserved 1048576K
}
Event: 81.876 GC heap before
{Heap before GC invocations=13 (full 2):
 PSYoungGen      total 326656K, used 299960K [0x000000076ab00000, 0x0000000781a00000, 0x00000007c0000000)
  eden space 278528K, 100% used [0x000000076ab00000,0x000000077bb00000,0x000000077bb00000)
  from space 48128K, 44% used [0x000000077e880000,0x000000077fd6e158,0x0000000781780000)
  to   space 46592K, 0% used [0x000000077bb00000,0x000000077bb00000,0x000000077e880000)
 ParOldGen       total 184832K, used 91613K [0x00000006c0000000, 0x00000006cb480000, 0x000000076ab00000)
  object space 184832K, 49% used [0x00000006c0000000,0x00000006c59774c8,0x00000006cb480000)
 Metaspace       used 46229K, capacity 47033K, committed 47192K, reserved 1091584K
  class space    used 5534K, capacity 5756K, committed 5760K, reserved 1048576K
Event: 81.885 GC heap after
Heap after GC invocations=13 (full 2):
 PSYoungGen      total 325120K, used 12297K [0x000000076ab00000, 0x0000000783c00000, 0x00000007c0000000)
  eden space 278528K, 0% used [0x000000076ab00000,0x000000076ab00000,0x000000077bb00000)
  from space 46592K, 26% used [0x000000077bb00000,0x000000077c7024e0,0x000000077e880000)
  to   space 45056K, 0% used [0x0000000781000000,0x0000000781000000,0x0000000783c00000)
 ParOldGen       total 184832K, used 91621K [0x00000006c0000000, 0x00000006cb480000, 0x000000076ab00000)
  object space 184832K, 49% used [0x00000006c0000000,0x00000006c59794c8,0x00000006cb480000)
 Metaspace       used 46229K, capacity 47033K, committed 47192K, reserved 1091584K
  class space    used 5534K, capacity 5756K, committed 5760K, reserved 1048576K
}
Event: 162.089 GC heap before
{Heap before GC invocations=14 (full 2):
 PSYoungGen      total 325120K, used 290825K [0x000000076ab00000, 0x0000000783c00000, 0x00000007c0000000)
  eden space 278528K, 100% used [0x000000076ab00000,0x000000077bb00000,0x000000077bb00000)
  from space 46592K, 26% used [0x000000077bb00000,0x000000077c7024e0,0x000000077e880000)
  to   space 45056K, 0% used [0x0000000781000000,0x0000000781000000,0x0000000783c00000)
 ParOldGen       total 184832K, used 91621K [0x00000006c0000000, 0x00000006cb480000, 0x000000076ab00000)
  object space 184832K, 49% used [0x00000006c0000000,0x00000006c59794c8,0x00000006cb480000)
 Metaspace       used 46289K, capacity 47097K, committed 47448K, reserved 1091584K
  class space    used 5544K, capacity 5756K, committed 5760K, reserved 1048576K
Event: 162.097 GC heap after
Heap after GC invocations=14 (full 2):
 PSYoungGen      total 346112K, used 12202K [0x000000076ab00000, 0x0000000783100000, 0x00000007c0000000)
  eden space 312320K, 0% used [0x000000076ab00000,0x000000076ab00000,0x000000077dc00000)
  from space 33792K, 36% used [0x0000000781000000,0x0000000781beaba8,0x0000000783100000)
  to   space 43520K, 0% used [0x000000077dc00000,0x000000077dc00000,0x0000000780680000)
 ParOldGen       total 184832K, used 91629K [0x00000006c0000000, 0x00000006cb480000, 0x000000076ab00000)
  object space 184832K, 49% used [0x00000006c0000000,0x00000006c597b4c8,0x00000006cb480000)
 Metaspace       used 46289K, capacity 47097K, committed 47448K, reserved 1091584K
  class space    used 5544K, capacity 5756K, committed 5760K, reserved 1048576K
}
Event: 242.693 GC heap before
{Heap before GC invocations=15 (full 2):
 PSYoungGen      total 346112K, used 324522K [0x000000076ab00000, 0x0000000783100000, 0x00000007c0000000)
  eden space 312320K, 100% used [0x000000076ab00000,0x000000077dc00000,0x000000077dc00000)
  from space 33792K, 36% used [0x0000000781000000,0x0000000781beaba8,0x0000000783100000)
  to   space 43520K, 0% used [0x000000077dc00000,0x000000077dc00000,0x0000000780680000)
 ParOldGen       total 184832K, used 91629K [0x00000006c0000000, 0x00000006cb480000, 0x000000076ab00000)
  object space 184832K, 49% used [0x00000006c0000000,0x00000006c597b4c8,0x00000006cb480000)
 Metaspace       used 46305K, capacity 47103K, committed 47448K, reserved 1091584K
  class space    used 5546K, capacity 5757K, committed 5760K, reserved 1048576K
Event: 242.704 GC heap after
Heap after GC invocations=15 (full 2):
 PSYoungGen      total 355840K, used 13278K [0x000000076ab00000, 0x0000000784a00000, 0x00000007c0000000)
  eden space 312320K, 0% used [0x000000076ab00000,0x000000076ab00000,0x000000077dc00000)
  from space 43520K, 30% used [0x000000077dc00000,0x000000077e8f7ba8,0x0000000780680000)
  to   space 41472K, 0% used [0x0000000782180000,0x0000000782180000,0x0000000784a00000)
 ParOldGen       total 184832K, used 91637K [0x00000006c0000000, 0x00000006cb480000, 0x000000076ab00000)
  object space 184832K, 49% used [0x00000006c0000000,0x00000006c597d4c8,0x00000006cb480000)
 Metaspace       used 46305K, capacity 47103K, committed 47448K, reserved 1091584K
  class space    used 5546K, capacity 5757K, committed 5760K, reserved 1048576K
}

